<?xml version="1.0" encoding="UTF-8"?>
<!DOCTYPE xml>
<article xmlns="http://cms.algorythm.de/common/Article">
	<title>Testtitel</title>
	<content>
		<p xmlns="http://cms.algorythm.de/common/Markup">
			Testinhalt
			<b>fett</b>
			<p>asdf</p>
		</p>
	</content>
</article>